# JRE version: OpenJDK Runtime Environment (8.0_152-b02) (build 1.8.0_152-release-1024-b02)
# Java VM: OpenJDK 64-Bit Server VM (25.152-b02 mixed mode windows-amd64 compressed oops)
Heap:
 PSYoungGen      total 102400K, used 29989K [0x00000000e0980000, 0x00000000e7180000, 0x0000000100000000)
  eden space 98304K, 26% used [0x00000000e0980000,0x00000000e22ce3a0,0x00000000e6980000)
  from space 4096K, 99% used [0x00000000e6d80000,0x00000000e717b150,0x00000000e7180000)
  to   space 4096K, 0% used [0x00000000e6980000,0x00000000e6980000,0x00000000e6d80000)
 ParOldGen       total 65536K, used 17875K [0x00000000a1c00000, 0x00000000a5c00000, 0x00000000e0980000)
  object space 65536K, 27% used [0x00000000a1c00000,0x00000000a2d74df8,0x00000000a5c00000)
 Metaspace       used 11925K, capacity 12135K, committed 12544K, reserved 1060864K
  class space    used 1097K, capacity 1178K, committed 1280K, reserved 1048576K
GC Heap History (8 events):
Event: 0.996 GC heap before
{Heap before GC invocations=1 (full 0):
 PSYoungGen      total 28672K, used 24576K [0x00000000e0980000, 0x00000000e2980000, 0x0000000100000000)
  eden space 24576K, 100% used [0x00000000e0980000,0x00000000e2180000,0x00000000e2180000)
  from space 4096K, 0% used [0x00000000e2580000,0x00000000e2580000,0x00000000e2980000)
  to   space 4096K, 0% used [0x00000000e2180000,0x00000000e2180000,0x00000000e2580000)
 ParOldGen       total 65536K, used 0K [0x00000000a1c00000, 0x00000000a5c00000, 0x00000000e0980000)
  object space 65536K, 0% used [0x00000000a1c00000,0x00000000a1c00000,0x00000000a5c00000)
 Metaspace       used 7175K, capacity 7243K, committed 7424K, reserved 1056768K
  class space    used 676K, capacity 720K, committed 768K, reserved 1048576K
Event: 1.015 GC heap after
Heap after GC invocations=1 (full 0):
 PSYoungGen      total 28672K, used 4064K [0x00000000e0980000, 0x00000000e4180000, 0x0000000100000000)
  eden space 24576K, 0% used [0x00000000e0980000,0x00000000e0980000,0x00000000e2180000)
  from space 4096K, 99% used [0x00000000e2180000,0x00000000e2578020,0x00000000e2580000)
  to   space 4096K, 0% used [0x00000000e3d80000,0x00000000e3d80000,0x00000000e4180000)
 ParOldGen       total 65536K, used 4987K [0x00000000a1c00000, 0x00000000a5c00000, 0x00000000e0980000)
  object space 65536K, 7% used [0x00000000a1c00000,0x00000000a20def20,0x00000000a5c00000)
 Metaspace       used 7175K, capacity 7243K, committed 7424K, reserved 1056768K
  class space    used 676K, capacity 720K, committed 768K, reserved 1048576K
}
Event: 1.262 GC heap before
{Heap before GC invocations=2 (full 0):
 PSYoungGen      total 28672K, used 28640K [0x00000000e0980000, 0x00000000e4180000, 0x0000000100000000)
  eden space 24576K, 100% used [0x00000000e0980000,0x00000000e2180000,0x00000000e2180000)
  from space 4096K, 99% used [0x00000000e2180000,0x00000000e2578020,0x00000000e2580000)
  to   space 4096K, 0% used [0x00000000e3d80000,0x00000000e3d80000,0x00000000e4180000)
 ParOldGen       total 65536K, used 4987K [0x00000000a1c00000, 0x00000000a5c00000, 0x00000000e0980000)
  object space 65536K, 7% used [0x00000000a1c00000,0x00000000a20def20,0x00000000a5c00000)
 Metaspace       used 7252K, capacity 7379K, committed 7680K, reserved 1056768K
  class space    used 681K, capacity 720K, committed 768K, reserved 1048576K
Event: 1.270 GC heap after
Heap after GC invocations=2 (full 0):
 PSYoungGen      total 53248K, used 4091K [0x00000000e0980000, 0x00000000e4180000, 0x0000000100000000)
  eden space 49152K, 0% used [0x00000000e0980000,0x00000000e0980000,0x00000000e3980000)
  from space 4096K, 99% used [0x00000000e3d80000,0x00000000e417ec30,0x00000000e4180000)
  to   space 4096K, 0% used [0x00000000e3980000,0x00000000e3980000,0x00000000e3d80000)
 ParOldGen       total 65536K, used 5459K [0x00000000a1c00000, 0x00000000a5c00000, 0x00000000e0980000)
  object space 65536K, 8% used [0x00000000a1c00000,0x00000000a2154f20,0x00000000a5c00000)
 Metaspace       used 7252K, capacity 7379K, committed 7680K, reserved 1056768K
  class space    used 681K, capacity 720K, committed 768K, reserved 1048576K
}
Event: 1.843 GC heap before
{Heap before GC invocations=3 (full 0):
 PSYoungGen      total 53248K, used 53139K [0x00000000e0980000, 0x00000000e4180000, 0x0000000100000000)
  eden space 49152K, 99% used [0x00000000e0980000,0x00000000e39662d8,0x00000000e3980000)
  from space 4096K, 99% used [0x00000000e3d80000,0x00000000e417ec30,0x00000000e4180000)
  to   space 4096K, 0% used [0x00000000e3980000,0x00000000e3980000,0x00000000e3d80000)
 ParOldGen       total 65536K, used 5459K [0x00000000a1c00000, 0x00000000a5c00000, 0x00000000e0980000)
  object space 65536K, 8% used [0x00000000a1c00000,0x00000000a2154f20,0x00000000a5c00000)
 Metaspace       used 7268K, capacity 7379K, committed 7680K, reserved 1056768K
  class space    used 681K, capacity 720K, committed 768K, reserved 1048576K
Event: 1.862 GC heap after
Heap after GC invocations=3 (full 0):
 PSYoungGen      total 53248K, used 4080K [0x00000000e0980000, 0x00000000e7180000, 0x0000000100000000)
  eden space 49152K, 0% used [0x00000000e0980000,0x00000000e0980000,0x00000000e3980000)
  from space 4096K, 99% used [0x00000000e3980000,0x00000000e3d7c010,0x00000000e3d80000)
  to   space 4096K, 0% used [0x00000000e6d80000,0x00000000e6d80000,0x00000000e7180000)
 ParOldGen       total 65536K, used 13875K [0x00000000a1c00000, 0x00000000a5c00000, 0x00000000e0980000)
  object space 65536K, 21% used [0x00000000a1c00000,0x00000000a298cf20,0x00000000a5c00000)
 Metaspace       used 7268K, capacity 7379K, committed 7680K, reserved 1056768K
  class space    used 681K, capacity 720K, committed 768K, reserved 1048576K
}
Event: 4.200 GC heap before
{Heap before GC invocations=4 (full 0):
 PSYoungGen      total 53248K, used 53081K [0x00000000e0980000, 0x00000000e7180000, 0x0000000100000000)
  eden space 49152K, 99% used [0x00000000e0980000,0x00000000e395a4c8,0x00000000e3980000)
  from space 4096K, 99% used [0x00000000e3980000,0x00000000e3d7c010,0x00000000e3d80000)
  to   space 4096K, 0% used [0x00000000e6d80000,0x00000000e6d80000,0x00000000e7180000)
 ParOldGen       total 65536K, used 13875K [0x00000000a1c00000, 0x00000000a5c00000, 0x00000000e0980000)
  object space 65536K, 21% used [0x00000000a1c00000,0x00000000a298cf20,0x00000000a5c00000)
 Metaspace       used 11512K, capacity 11623K, committed 11904K, reserved 1060864K
  class space    used 1060K, capacity 1114K, committed 1152K, reserved 1048576K
Event: 4.210 GC heap after
Heap after GC invocations=4 (full 0):
 PSYoungGen      total 102400K, used 4076K [0x00000000e0980000, 0x00000000e7180000, 0x0000000100000000)
  eden space 98304K, 0% used [0x00000000e0980000,0x00000000e0980000,0x00000000e6980000)
  from space 4096K, 99% used [0x00000000e6d80000,0x00000000e717b150,0x00000000e7180000)
  to   space 4096K, 0% used [0x00000000e6980000,0x00000000e6980000,0x00000000e6d80000)
 ParOldGen       total 65536K, used 17875K [0x00000000a1c00000, 0x00000000a5c00000, 0x00000000e0980000)
  object space 65536K, 27% used [0x00000000a1c00000,0x00000000a2d74df8,0x00000000a5c00000)
 Metaspace       used 11512K, capacity 11623K, committed 11904K, reserved 1060864K
  class space    used 1060K, capacity 1114K, committed 1152K, reserved 1048576K
}

